Determining if the pthread_create exist failed with the following output:
Change Dir: /home/zjw/myprojects/headpose_estimation/other/sac/CMakeFiles/CMakeTmp

Run Build Command:"/usr/bin/make" "cmTC_9a1f8/fast"
/usr/bin/make -f CMakeFiles/cmTC_9a1f8.dir/build.make CMakeFiles/cmTC_9a1f8.dir/build
make[1]: Entering directory `/home/zjw/myprojects/headpose_estimation/other/sac/CMakeFiles/CMakeTmp'
Building C object CMakeFiles/cmTC_9a1f8.dir/CheckSymbolExists.c.o
/usr/bin/cc    -o CMakeFiles/cmTC_9a1f8.dir/CheckSymbolExists.c.o   -c /home/zjw/myprojects/headpose_estimation/other/sac/CMakeFiles/CMakeTmp/CheckSymbolExists.c
Linking C executable cmTC_9a1f8
/opt/cmake-3.10.2/bin/cmake -E cmake_link_script CMakeFiles/cmTC_9a1f8.dir/link.txt --verbose=1
/usr/bin/cc      -rdynamic CMakeFiles/cmTC_9a1f8.dir/CheckSymbolExists.c.o  -o cmTC_9a1f8 
CMakeFiles/cmTC_9a1f8.dir/CheckSymbolExists.c.o: In function `main':
CheckSymbolExists.c:(.text+0x16): undefined reference to `pthread_create'
collect2: error: ld returned 1 exit status
make[1]: *** [cmTC_9a1f8] Error 1
make[1]: Leaving directory `/home/zjw/myprojects/headpose_estimation/other/sac/CMakeFiles/CMakeTmp'
make: *** [cmTC_9a1f8/fast] Error 2

File /home/zjw/myprojects/headpose_estimation/other/sac/CMakeFiles/CMakeTmp/CheckSymbolExists.c:
/* */
#include <pthread.h>

int main(int argc, char** argv)
{
  (void)argv;
#ifndef pthread_create
  return ((int*)(&pthread_create))[argc];
#else
  (void)argc;
  return 0;
#endif
}

Determining if the function pthread_create exists in the pthreads failed with the following output:
Change Dir: /home/zjw/myprojects/headpose_estimation/other/sac/CMakeFiles/CMakeTmp

Run Build Command:"/usr/bin/make" "cmTC_7c76c/fast"
/usr/bin/make -f CMakeFiles/cmTC_7c76c.dir/build.make CMakeFiles/cmTC_7c76c.dir/build
make[1]: Entering directory `/home/zjw/myprojects/headpose_estimation/other/sac/CMakeFiles/CMakeTmp'
Building C object CMakeFiles/cmTC_7c76c.dir/CheckFunctionExists.c.o
/usr/bin/cc   -DCHECK_FUNCTION_EXISTS=pthread_create   -o CMakeFiles/cmTC_7c76c.dir/CheckFunctionExists.c.o   -c /opt/cmake-3.10.2/share/cmake-3.10/Modules/CheckFunctionExists.c
Linking C executable cmTC_7c76c
/opt/cmake-3.10.2/bin/cmake -E cmake_link_script CMakeFiles/cmTC_7c76c.dir/link.txt --verbose=1
/usr/bin/cc  -DCHECK_FUNCTION_EXISTS=pthread_create    -rdynamic CMakeFiles/cmTC_7c76c.dir/CheckFunctionExists.c.o  -o cmTC_7c76c -lpthreads 
/usr/bin/ld: cannot find -lpthreads
collect2: error: ld returned 1 exit status
make[1]: *** [cmTC_7c76c] Error 1
make[1]: Leaving directory `/home/zjw/myprojects/headpose_estimation/other/sac/CMakeFiles/CMakeTmp'
make: *** [cmTC_7c76c/fast] Error 2


