Determining if the pthread_create exist failed with the following output:
Change Dir: /home/zjw/myprojects/headpose_estimation/other/sacicp/CMakeFiles/CMakeTmp

Run Build Command:"/usr/bin/make" "cmTC_43255/fast"
/usr/bin/make -f CMakeFiles/cmTC_43255.dir/build.make CMakeFiles/cmTC_43255.dir/build
make[1]: Entering directory `/home/zjw/myprojects/headpose_estimation/other/sacicp/CMakeFiles/CMakeTmp'
Building C object CMakeFiles/cmTC_43255.dir/CheckSymbolExists.c.o
/usr/bin/cc    -o CMakeFiles/cmTC_43255.dir/CheckSymbolExists.c.o   -c /home/zjw/myprojects/headpose_estimation/other/sacicp/CMakeFiles/CMakeTmp/CheckSymbolExists.c
Linking C executable cmTC_43255
/opt/cmake-3.10.2/bin/cmake -E cmake_link_script CMakeFiles/cmTC_43255.dir/link.txt --verbose=1
/usr/bin/cc      -rdynamic CMakeFiles/cmTC_43255.dir/CheckSymbolExists.c.o  -o cmTC_43255 
CMakeFiles/cmTC_43255.dir/CheckSymbolExists.c.o: In function `main':
CheckSymbolExists.c:(.text+0x16): undefined reference to `pthread_create'
collect2: error: ld returned 1 exit status
make[1]: *** [cmTC_43255] Error 1
make[1]: Leaving directory `/home/zjw/myprojects/headpose_estimation/other/sacicp/CMakeFiles/CMakeTmp'
make: *** [cmTC_43255/fast] Error 2

File /home/zjw/myprojects/headpose_estimation/other/sacicp/CMakeFiles/CMakeTmp/CheckSymbolExists.c:
/* */
#include <pthread.h>

int main(int argc, char** argv)
{
  (void)argv;
#ifndef pthread_create
  return ((int*)(&pthread_create))[argc];
#else
  (void)argc;
  return 0;
#endif
}

Determining if the function pthread_create exists in the pthreads failed with the following output:
Change Dir: /home/zjw/myprojects/headpose_estimation/other/sacicp/CMakeFiles/CMakeTmp

Run Build Command:"/usr/bin/make" "cmTC_f15db/fast"
/usr/bin/make -f CMakeFiles/cmTC_f15db.dir/build.make CMakeFiles/cmTC_f15db.dir/build
make[1]: Entering directory `/home/zjw/myprojects/headpose_estimation/other/sacicp/CMakeFiles/CMakeTmp'
Building C object CMakeFiles/cmTC_f15db.dir/CheckFunctionExists.c.o
/usr/bin/cc   -DCHECK_FUNCTION_EXISTS=pthread_create   -o CMakeFiles/cmTC_f15db.dir/CheckFunctionExists.c.o   -c /opt/cmake-3.10.2/share/cmake-3.10/Modules/CheckFunctionExists.c
Linking C executable cmTC_f15db
/opt/cmake-3.10.2/bin/cmake -E cmake_link_script CMakeFiles/cmTC_f15db.dir/link.txt --verbose=1
/usr/bin/cc  -DCHECK_FUNCTION_EXISTS=pthread_create    -rdynamic CMakeFiles/cmTC_f15db.dir/CheckFunctionExists.c.o  -o cmTC_f15db -lpthreads 
/usr/bin/ld: cannot find -lpthreads
collect2: error: ld returned 1 exit status
make[1]: *** [cmTC_f15db] Error 1
make[1]: Leaving directory `/home/zjw/myprojects/headpose_estimation/other/sacicp/CMakeFiles/CMakeTmp'
make: *** [cmTC_f15db/fast] Error 2


